<?xml version="1.0" encoding="UTF-8"?>
<!-- Generated by org.testng.reporters.JUnitReportReporter -->
<testsuite hostname="prdxn12" name="com.testng.Brochure_Form" tests="1" failures="0" timestamp="27 Nov 2019 13:30:59 GMT" time="64.886" errors="0">
  <testcase name="f" time="64.886" classname="com.testng.Brochure_Form"/>
</testsuite> <!-- com.testng.Brochure_Form -->
