<?xml version="1.0" encoding="UTF-8"?>
<!-- Generated by org.testng.reporters.JUnitReportReporter -->
<testsuite hostname="prdxn12" name="com.testng.share" tests="1" failures="0" timestamp="22 Nov 2019 06:32:49 GMT" time="25.981" errors="0">
  <testcase name="demoFunction" time="25.981" classname="com.testng.share"/>
</testsuite> <!-- com.testng.share -->
