<?xml version="1.0" encoding="UTF-8"?>
<!-- Generated by org.testng.reporters.JUnitReportReporter -->
<testsuite hostname="prdxn12" name="com.testng.share" tests="1" failures="0" timestamp="10 Dec 2019 07:28:16 GMT" time="24.507" errors="0">
  <testcase name="demoFunction" time="24.507" classname="com.testng.share"/>
</testsuite> <!-- com.testng.share -->
